#
# There is insufficient memory for the Java Runtime Environment to continue.
# Native memory allocation (malloc) failed to allocate 32744 bytes for ChunkPool::allocate
# Possible reasons:
#   The system is out of physical RAM or swap space
#   The process is running with CompressedOops enabled, and the Java Heap may be blocking the growth of the native heap
# Possible solutions:
#   Reduce memory load on the system
#   Increase physical memory or swap space
#   Check if swap backing store is full
#   Decrease Java heap size (-Xmx/-Xms)
#   Decrease number of Java threads
#   Decrease Java thread stack sizes (-Xss)
#   Set larger code cache with -XX:ReservedCodeCacheSize=
#   JVM is running with Unscaled Compressed Oops mode in which the Java heap is
#     placed in the first 4GB address space. The Java Heap base address is the
#     maximum limit for the native heap growth. Please use -XX:HeapBaseMinAddress
#     to set the Java Heap base and to place the Java Heap above 4GB virtual address.
# This output file may be truncated or incomplete.
#
#  Out of Memory Error (allocation.cpp:272), pid=20052, tid=0x0000000000004ed0
#
# JRE version: OpenJDK Runtime Environment (8.0_242-b01) (build 1.8.0_242-release-1644-b01)
# Java VM: OpenJDK 64-Bit Server VM (25.242-b01 mixed mode windows-amd64 compressed oops)
# Failed to write core dump. Minidumps are not enabled by default on client versions of Windows
#

---------------  T H R E A D  ---------------

Current thread (0x0000000019e82800):  JavaThread "C2 CompilerThread0" daemon [_thread_in_native, id=20176, stack(0x000000001a750000,0x000000001a850000)]

Stack: [0x000000001a750000,0x000000001a850000]
[error occurred during error reporting (printing stack bounds), id 0xc0000005]

Native frames: (J=compiled Java code, j=interpreted, Vv=VM code, C=native code)


Current CompileTask:
C2:   5036 1466       4       java.net.URLClassLoader$1::run (5 bytes)


---------------  P R O C E S S  ---------------

Java Threads: ( => current thread )
  0x000000001cc24000 JavaThread "Cache worker for file hash cache (C:\Users\tthar\.gradle\caches\6.5\fileHashes)" [_thread_blocked, id=4128, stack(0x000000001ed70000,0x000000001ee70000)]
  0x000000001cc23000 JavaThread "File lock request listener" [_thread_in_native, id=12256, stack(0x000000001ec70000,0x000000001ed70000)]
  0x000000001c97f000 JavaThread "Cache worker for journal cache (C:\Users\tthar\.gradle\caches\journal-1)" [_thread_blocked, id=16536, stack(0x000000001eb70000,0x000000001ec70000)]
  0x000000001be23800 JavaThread "Thread-9" [_thread_blocked, id=20416, stack(0x000000001e870000,0x000000001e970000)]
  0x000000001be1e800 JavaThread "Stdin handler" [_thread_blocked, id=20412, stack(0x000000001e770000,0x000000001e870000)]
  0x000000001c93f800 JavaThread "Asynchronous log dispatcher for DefaultDaemonConnection: socket connection from /127.0.0.1:55594 to /127.0.0.1:55595" [_thread_blocked, id=20408, stack(0x000000001e670000,0x000000001e770000)]
  0x000000001c930800 JavaThread "Daemon worker" [_thread_in_vm, id=20404, stack(0x000000001e570000,0x000000001e670000)]
  0x000000001ae2a000 JavaThread "Cancel handler" [_thread_blocked, id=20400, stack(0x000000001e470000,0x000000001e570000)]
  0x000000001c8be000 JavaThread "Handler for socket connection from /127.0.0.1:55594 to /127.0.0.1:55595" [_thread_in_native, id=20396, stack(0x000000001e370000,0x000000001e470000)]
  0x000000001c804800 JavaThread "Daemon" [_thread_blocked, id=20392, stack(0x000000001e070000,0x000000001e170000)]
  0x000000001c803000 JavaThread "Daemon periodic checks" [_thread_blocked, id=20388, stack(0x000000001df70000,0x000000001e070000)]
  0x000000001c801800 JavaThread "Incoming local TCP Connector on port 55594" [_thread_in_native, id=20380, stack(0x000000001dd30000,0x000000001de30000)]
  0x000000001aec9800 JavaThread "Daemon health stats" [_thread_blocked, id=20352, stack(0x000000001d6f0000,0x000000001d7f0000)]
  0x0000000019f16800 JavaThread "Service Thread" daemon [_thread_blocked, id=20192, stack(0x000000001ab50000,0x000000001ac50000)]
  0x0000000019e8b800 JavaThread "C1 CompilerThread3" daemon [_thread_blocked, id=20188, stack(0x000000001aa50000,0x000000001ab50000)]
  0x0000000019e87800 JavaThread "C2 CompilerThread2" daemon [_thread_blocked, id=20184, stack(0x000000001a950000,0x000000001aa50000)]
  0x000000001807b000 JavaThread "C2 CompilerThread1" daemon [_thread_in_native, id=20180, stack(0x000000001a850000,0x000000001a950000)]
=>0x0000000019e82800 JavaThread "C2 CompilerThread0" daemon [_thread_in_native, id=20176, stack(0x000000001a750000,0x000000001a850000)]
  0x0000000019e81000 JavaThread "Attach Listener" daemon [_thread_blocked, id=20172, stack(0x000000001a650000,0x000000001a750000)]
  0x0000000019e80800 JavaThread "Signal Dispatcher" daemon [_thread_blocked, id=20168, stack(0x000000001a550000,0x000000001a650000)]
  0x0000000002f3e000 JavaThread "Finalizer" daemon [_thread_blocked, id=20164, stack(0x000000001a350000,0x000000001a450000)]
  0x0000000002f37000 JavaThread "Reference Handler" daemon [_thread_blocked, id=20160, stack(0x000000001a250000,0x000000001a350000)]
  0x0000000002ffe000 JavaThread "main" [_thread_blocked, id=20116, stack(0x0000000002cc0000,0x0000000002dc0000)]

Other Threads:
  0x0000000018066000 VMThread [stack: 0x0000000019d50000,0x0000000019e50000] [id=20156]
  0x0000000019f17800 WatcherThread [stack: 0x000000001ac50000,0x000000001ad50000] [id=20196]

VM state:not at safepoint (normal execution)

VM Mutex/Monitor currently owned by a thread: None

heap address: 0x0000000080000000, size: 2048 MB, Compressed Oops mode: 32-bit
Narrow klass base: 0x0000000000000000, Narrow klass shift: 3
Compressed class space size: 1073741824 Address: 0x0000000100000000

Heap:
 PSYoungGen      total 37888K, used 31578K [0x00000000d5580000, 0x00000000d7f80000, 0x0000000100000000)
  eden space 32768K, 80% used [0x00000000d5580000,0x00000000d6f56c10,0x00000000d7580000)
  from space 5120K, 99% used [0x00000000d7a80000,0x00000000d7f7fc50,0x00000000d7f80000)
  to   space 5120K, 0% used [0x00000000d7580000,0x00000000d7580000,0x00000000d7a80000)
 ParOldGen       total 86016K, used 3515K [0x0000000080000000, 0x0000000085400000, 0x00000000d5580000)
  object space 86016K, 4% used [0x0000000080000000,0x000000008036edb8,0x0000000085400000)
 Metaspace       used 16915K, capacity 17504K, committed 17664K, reserved 1064960K
  class space    used 2295K, capacity 2466K, committed 2560K, reserved 1048576K

Card table byte_map: [0x00000000123c0000,0x00000000127d0000] byte_map_base: 0x0000000011fc0000

Marking Bits: (ParMarkBitMap*) 0x000000005198f030
 Begin Bits: [0x0000000013280000, 0x0000000015280000)
 End Bits:   [0x0000000015280000, 0x0000000017280000)

Polling page: 0x0000000002dc0000

CodeCache: size=245760Kb used=5424Kb max_used=5432Kb free=240335Kb
 bounds [0x0000000003000000, 0x0000000003560000, 0x0000000012000000]
 total_blobs=1929 nmethods=1530 adapters=312
 compilation: enabled

Compilation events (10 events):
Event: 4.985 Thread 0x0000000019e87800 1529       4       java.lang.String::<init> (100 bytes)
Event: 4.991 Thread 0x0000000019e87800 nmethod 1529 0x000000000354fbd0 code [0x000000000354fd20, 0x0000000003550038]
Event: 4.996 Thread 0x0000000019e87800 1531       4       jdk.internal.org.objectweb.asm.Item::<init> (66 bytes)
Event: 4.997 Thread 0x0000000019e87800 nmethod 1531 0x0000000003550250 code [0x0000000003550380, 0x0000000003550438]
Event: 5.017 Thread 0x0000000019e8b800 1532       3       sun.reflect.ReflectionFactory::checkInitted (19 bytes)
Event: 5.018 Thread 0x0000000019e8b800 nmethod 1532 0x000000000354f690 code [0x000000000354f800, 0x000000000354fac8]
Event: 5.021 Thread 0x0000000019e8b800 1534       3       sun.reflect.MethodAccessorImpl::<init> (5 bytes)
Event: 5.022 Thread 0x0000000019e8b800 nmethod 1534 0x000000000354f250 code [0x000000000354f3c0, 0x000000000354f5d0]
Event: 5.022 Thread 0x0000000019e8b800 1533       1       java.lang.reflect.Method::getMethodAccessor (5 bytes)
Event: 5.022 Thread 0x0000000019e8b800 nmethod 1533 0x000000000354ef90 code [0x000000000354f0e0, 0x000000000354f1f0]

GC Heap History (8 events):
Event: 1.549 GC heap before
{Heap before GC invocations=1 (full 0):
 PSYoungGen      total 37888K, used 32768K [0x00000000d5580000, 0x00000000d7f80000, 0x0000000100000000)
  eden space 32768K, 100% used [0x00000000d5580000,0x00000000d7580000,0x00000000d7580000)
  from space 5120K, 0% used [0x00000000d7a80000,0x00000000d7a80000,0x00000000d7f80000)
  to   space 5120K, 0% used [0x00000000d7580000,0x00000000d7580000,0x00000000d7a80000)
 ParOldGen       total 86016K, used 0K [0x0000000080000000, 0x0000000085400000, 0x00000000d5580000)
  object space 86016K, 0% used [0x0000000080000000,0x0000000080000000,0x0000000085400000)
 Metaspace       used 7533K, capacity 7774K, committed 8064K, reserved 1056768K
  class space    used 929K, capacity 1037K, committed 1152K, reserved 1048576K
Event: 1.557 GC heap after
Heap after GC invocations=1 (full 0):
 PSYoungGen      total 37888K, used 4525K [0x00000000d5580000, 0x00000000d7f80000, 0x0000000100000000)
  eden space 32768K, 0% used [0x00000000d5580000,0x00000000d5580000,0x00000000d7580000)
  from space 5120K, 88% used [0x00000000d7580000,0x00000000d79eb438,0x00000000d7a80000)
  to   space 5120K, 0% used [0x00000000d7a80000,0x00000000d7a80000,0x00000000d7f80000)
 ParOldGen       total 86016K, used 16K [0x0000000080000000, 0x0000000085400000, 0x00000000d5580000)
  object space 86016K, 0% used [0x0000000080000000,0x0000000080004000,0x0000000085400000)
 Metaspace       used 7533K, capacity 7774K, committed 8064K, reserved 1056768K
  class space    used 929K, capacity 1037K, committed 1152K, reserved 1048576K
}
Event: 2.336 GC heap before
{Heap before GC invocations=2 (full 0):
 PSYoungGen      total 37888K, used 37293K [0x00000000d5580000, 0x00000000d7f80000, 0x0000000100000000)
  eden space 32768K, 100% used [0x00000000d5580000,0x00000000d7580000,0x00000000d7580000)
  from space 5120K, 88% used [0x00000000d7580000,0x00000000d79eb438,0x00000000d7a80000)
  to   space 5120K, 0% used [0x00000000d7a80000,0x00000000d7a80000,0x00000000d7f80000)
 ParOldGen       total 86016K, used 16K [0x0000000080000000, 0x0000000085400000, 0x00000000d5580000)
  object space 86016K, 0% used [0x0000000080000000,0x0000000080004000,0x0000000085400000)
 Metaspace       used 7764K, capacity 7990K, committed 8320K, reserved 1056768K
  class space    used 952K, capacity 1045K, committed 1152K, reserved 1048576K
Event: 2.340 GC heap after
Heap after GC invocations=2 (full 0):
 PSYoungGen      total 37888K, used 3341K [0x00000000d5580000, 0x00000000d7f80000, 0x0000000100000000)
  eden space 32768K, 0% used [0x00000000d5580000,0x00000000d5580000,0x00000000d7580000)
  from space 5120K, 65% used [0x00000000d7a80000,0x00000000d7dc37e0,0x00000000d7f80000)
  to   space 5120K, 0% used [0x00000000d7580000,0x00000000d7580000,0x00000000d7a80000)
 ParOldGen       total 86016K, used 24K [0x0000000080000000, 0x0000000085400000, 0x00000000d5580000)
  object space 86016K, 0% used [0x0000000080000000,0x0000000080006000,0x0000000085400000)
 Metaspace       used 7764K, capacity 7990K, committed 8320K, reserved 1056768K
  class space    used 952K, capacity 1045K, committed 1152K, reserved 1048576K
}
Event: 3.657 GC heap before
{Heap before GC invocations=3 (full 0):
 PSYoungGen      total 37888K, used 36109K [0x00000000d5580000, 0x00000000d7f80000, 0x0000000100000000)
  eden space 32768K, 100% used [0x00000000d5580000,0x00000000d7580000,0x00000000d7580000)
  from space 5120K, 65% used [0x00000000d7a80000,0x00000000d7dc37e0,0x00000000d7f80000)
  to   space 5120K, 0% used [0x00000000d7580000,0x00000000d7580000,0x00000000d7a80000)
 ParOldGen       total 86016K, used 24K [0x0000000080000000, 0x0000000085400000, 0x00000000d5580000)
  object space 86016K, 0% used [0x0000000080000000,0x0000000080006000,0x0000000085400000)
 Metaspace       used 12029K, capacity 12380K, committed 12544K, reserved 1060864K
  class space    used 1602K, capacity 1726K, committed 1792K, reserved 1048576K
Event: 3.671 GC heap after
Heap after GC invocations=3 (full 0):
 PSYoungGen      total 37888K, used 5104K [0x00000000d5580000, 0x00000000d7f80000, 0x0000000100000000)
  eden space 32768K, 0% used [0x00000000d5580000,0x00000000d5580000,0x00000000d7580000)
  from space 5120K, 99% used [0x00000000d7580000,0x00000000d7a7c030,0x00000000d7a80000)
  to   space 5120K, 0% used [0x00000000d7a80000,0x00000000d7a80000,0x00000000d7f80000)
 ParOldGen       total 86016K, used 1077K [0x0000000080000000, 0x0000000085400000, 0x00000000d5580000)
  object space 86016K, 1% used [0x0000000080000000,0x000000008010d498,0x0000000085400000)
 Metaspace       used 12029K, capacity 12380K, committed 12544K, reserved 1060864K
  class space    used 1602K, capacity 1726K, committed 1792K, reserved 1048576K
}
Event: 4.516 GC heap before
{Heap before GC invocations=4 (full 0):
 PSYoungGen      total 37888K, used 37513K [0x00000000d5580000, 0x00000000d7f80000, 0x0000000100000000)
  eden space 32768K, 98% used [0x00000000d5580000,0x00000000d7526590,0x00000000d7580000)
  from space 5120K, 99% used [0x00000000d7580000,0x00000000d7a7c030,0x00000000d7a80000)
  to   space 5120K, 0% used [0x00000000d7a80000,0x00000000d7a80000,0x00000000d7f80000)
 ParOldGen       total 86016K, used 1077K [0x0000000080000000, 0x0000000085400000, 0x00000000d5580000)
  object space 86016K, 1% used [0x0000000080000000,0x000000008010d498,0x0000000085400000)
 Metaspace       used 14630K, capacity 15158K, committed 15232K, reserved 1062912K
  class space    used 1998K, capacity 2153K, committed 2176K, reserved 1048576K
Event: 4.532 GC heap after
Heap after GC invocations=4 (full 0):
 PSYoungGen      total 37888K, used 5119K [0x00000000d5580000, 0x00000000d7f80000, 0x0000000100000000)
  eden space 32768K, 0% used [0x00000000d5580000,0x00000000d5580000,0x00000000d7580000)
  from space 5120K, 99% used [0x00000000d7a80000,0x00000000d7f7fc50,0x00000000d7f80000)
  to   space 5120K, 0% used [0x00000000d7580000,0x00000000d7580000,0x00000000d7a80000)
 ParOldGen       total 86016K, used 3515K [0x0000000080000000, 0x0000000085400000, 0x00000000d5580000)
  object space 86016K, 4% used [0x0000000080000000,0x000000008036edb8,0x0000000085400000)
 Metaspace       used 14630K, capacity 15158K, committed 15232K, reserved 1062912K
  class space    used 1998K, capacity 2153K, committed 2176K, reserved 1048576K
}

Deoptimization events (10 events):
Event: 3.732 Thread 0x000000001c930800 Uncommon trap: reason=bimorphic action=maybe_recompile pc=0x00000000032bc704 method=java.util.HashMap.putVal(ILjava/lang/Object;Ljava/lang/Object;ZZ)Ljava/lang/Object; @ 253
Event: 3.733 Thread 0x000000001c930800 Uncommon trap: reason=bimorphic action=maybe_recompile pc=0x00000000032bc704 method=java.util.HashMap.putVal(ILjava/lang/Object;Ljava/lang/Object;ZZ)Ljava/lang/Object; @ 253
Event: 3.733 Thread 0x000000001c930800 Uncommon trap: reason=bimorphic action=maybe_recompile pc=0x00000000032bc704 method=java.util.HashMap.putVal(ILjava/lang/Object;Ljava/lang/Object;ZZ)Ljava/lang/Object; @ 253
Event: 3.733 Thread 0x000000001c930800 Uncommon trap: reason=bimorphic action=maybe_recompile pc=0x00000000032bc704 method=java.util.HashMap.putVal(ILjava/lang/Object;Ljava/lang/Object;ZZ)Ljava/lang/Object; @ 253
Event: 4.314 Thread 0x000000001c930800 Uncommon trap: reason=class_check action=maybe_recompile pc=0x0000000003336358 method=java.util.regex.Matcher.match(II)Z @ 86
Event: 4.359 Thread 0x000000001c930800 Uncommon trap: reason=class_check action=maybe_recompile pc=0x0000000003336358 method=java.util.regex.Matcher.match(II)Z @ 86
Event: 4.360 Thread 0x000000001c930800 Uncommon trap: reason=class_check action=maybe_recompile pc=0x0000000003336358 method=java.util.regex.Matcher.match(II)Z @ 86
Event: 4.360 Thread 0x000000001c930800 Uncommon trap: reason=class_check action=maybe_recompile pc=0x00000000031c010c method=java.util.regex.Matcher.match(II)Z @ 86
Event: 4.636 Thread 0x000000001c930800 Uncommon trap: reason=unstable_if action=reinterpret pc=0x0000000003330edc method=java.io.File.getName()Ljava/lang/String; @ 16
Event: 4.636 Thread 0x000000001c930800 Uncommon trap: reason=unstable_if action=reinterpret pc=0x0000000003319ad4 method=java.lang.String.substring(I)Ljava/lang/String; @ 35

Classes redefined (0 events):
No events

Internal exceptions (10 events):
Event: 3.574 Thread 0x000000001c8be000 Exception <a 'java/lang/NoSuchMethodError': <clinit>> (0x00000000d742f348) thrown at [C:\src\AOSP-openjdk-git\hotspot\src\share\vm\prims\jni.cpp, line 1615]
Event: 3.577 Thread 0x000000001c8be000 Exception <a 'java/lang/NoSuchMethodError': <clinit>> (0x00000000d7438a50) thrown at [C:\src\AOSP-openjdk-git\hotspot\src\share\vm\prims\jni.cpp, line 1615]
Event: 3.580 Thread 0x000000001c8be000 Exception <a 'java/lang/NoSuchMethodError': <clinit>> (0x00000000d744d038) thrown at [C:\src\AOSP-openjdk-git\hotspot\src\share\vm\prims\jni.cpp, line 1615]
Event: 3.606 Thread 0x000000001c8be000 Exception <a 'java/lang/NoSuchMethodError': <clinit>> (0x00000000d74ba158) thrown at [C:\src\AOSP-openjdk-git\hotspot\src\share\vm\prims\jni.cpp, line 1615]
Event: 3.622 Thread 0x000000001c8be000 Exception <a 'java/lang/NoSuchMethodError': <clinit>> (0x00000000d74f46c0) thrown at [C:\src\AOSP-openjdk-git\hotspot\src\share\vm\prims\jni.cpp, line 1615]
Event: 3.636 Thread 0x000000001c8be000 Exception <a 'java/lang/NoSuchMethodError': <clinit>> (0x00000000d752a340) thrown at [C:\src\AOSP-openjdk-git\hotspot\src\share\vm\prims\jni.cpp, line 1615]
Event: 3.639 Thread 0x000000001c8be000 Exception <a 'java/lang/NoSuchMethodError': <clinit>> (0x00000000d7536870) thrown at [C:\src\AOSP-openjdk-git\hotspot\src\share\vm\prims\jni.cpp, line 1615]
Event: 4.751 Thread 0x000000001c930800 Exception <a 'java/lang/NoSuchMethodError': java.lang.Object.lambda$and$0(Ljava/util/function/Predicate;Ljava/lang/Object;)Z> (0x00000000d5a15a48) thrown at [C:\src\AOSP-openjdk-git\hotspot\src\share\vm\interpreter\linkResolver.cpp, line 620]
Event: 4.770 Thread 0x000000001c930800 Exception <a 'java/lang/IncompatibleClassChangeError': Found class java.lang.Object, but interface was expected> (0x00000000d5a25d40) thrown at [C:\src\AOSP-openjdk-git\hotspot\src\share\vm\interpreter\linkResolver.cpp, line 653]
Event: 4.778 Thread 0x000000001c930800 Exception <a 'java/lang/NoSuchMethodError': java.lang.Object.lambda$or$2(Ljava/util/function/Predicate;Ljava/lang/Object;)Z> (0x00000000d5a2a890) thrown at [C:\src\AOSP-openjdk-git\hotspot\src\share\vm\interpreter\linkResolver.cpp, line 620]

Events (10 events):
Event: 5.032 loading class kotlin/LazyKt$WhenMappings
Event: 5.032 loading class kotlin/LazyKt$WhenMappings done
Event: 5.033 loading class kotlin/UnsafeLazyImpl
Event: 5.033 loading class kotlin/UnsafeLazyImpl done
Event: 5.033 loading class kotlin/Lazy
Event: 5.033 loading class kotlin/Lazy done
Event: 5.034 loading class kotlin/UNINITIALIZED_VALUE
Event: 5.034 loading class kotlin/UNINITIALIZED_VALUE done
Event: 5.034 loading class org/gradle/instantexecution/initialization/InstantExecutionStartParameter$instantExecutionCacheKey$2
Event: 5.034 loading class org/gradle/instantexecution/initialization/InstantExecutionStartParameter$instantExecutionCacheKey$2 done


Dynamic libraries:
0x00007ff734160000 - 0x00007ff734191000 	C:\Program Files\Android\Android Studio\jre\bin\java.exe
0x00007ffe54350000 - 0x00007ffe54545000 	C:\WINDOWS\SYSTEM32\ntdll.dll
0x00007ffe53050000 - 0x00007ffe5310d000 	C:\WINDOWS\System32\KERNEL32.DLL
0x00007ffe51ac0000 - 0x00007ffe51d88000 	C:\WINDOWS\System32\KERNELBASE.dll
0x00007ffe52470000 - 0x00007ffe5251c000 	C:\WINDOWS\System32\ADVAPI32.dll
0x00007ffe527c0000 - 0x00007ffe5285e000 	C:\WINDOWS\System32\msvcrt.dll
0x00007ffe54210000 - 0x00007ffe542ab000 	C:\WINDOWS\System32\sechost.dll
0x00007ffe54020000 - 0x00007ffe5414b000 	C:\WINDOWS\System32\RPCRT4.dll
0x00007ffe52d10000 - 0x00007ffe52eb0000 	C:\WINDOWS\System32\USER32.dll
0x00007ffe51e90000 - 0x00007ffe51eb2000 	C:\WINDOWS\System32\win32u.dll
0x00007ffe52860000 - 0x00007ffe5288a000 	C:\WINDOWS\System32\GDI32.dll
0x00007ffe522a0000 - 0x00007ffe523ab000 	C:\WINDOWS\System32\gdi32full.dll
0x00007ffe51ec0000 - 0x00007ffe51f5d000 	C:\WINDOWS\System32\msvcp_win.dll
0x00007ffe51d90000 - 0x00007ffe51e90000 	C:\WINDOWS\System32\ucrtbase.dll
0x00007ffe43090000 - 0x00007ffe4332a000 	C:\WINDOWS\WinSxS\amd64_microsoft.windows.common-controls_6595b64144ccf1df_6.0.19041.844_none_ca00b6081b84eb1d\COMCTL32.dll
0x00007ffe541e0000 - 0x00007ffe54210000 	C:\WINDOWS\System32\IMM32.DLL
0x0000000051000000 - 0x00000000510d2000 	C:\Program Files\Android\Android Studio\jre\jre\bin\msvcr100.dll
0x00000000511c0000 - 0x0000000051a0b000 	C:\Program Files\Android\Android Studio\jre\jre\bin\server\jvm.dll
0x00007ffe53370000 - 0x00007ffe53378000 	C:\WINDOWS\System32\PSAPI.DLL
0x00007ffe46830000 - 0x00007ffe46857000 	C:\WINDOWS\SYSTEM32\WINMM.dll
0x00007ffe49f50000 - 0x00007ffe49f5a000 	C:\WINDOWS\SYSTEM32\VERSION.dll
0x00007ffe495a0000 - 0x00007ffe495a9000 	C:\WINDOWS\SYSTEM32\WSOCK32.dll
0x00007ffe52fe0000 - 0x00007ffe5304b000 	C:\WINDOWS\System32\WS2_32.dll
0x00007ffe49590000 - 0x00007ffe4959f000 	C:\Program Files\Android\Android Studio\jre\jre\bin\verify.dll
0x00007ffe43c20000 - 0x00007ffe43c49000 	C:\Program Files\Android\Android Studio\jre\jre\bin\java.dll
0x00007ffe480d0000 - 0x00007ffe480e6000 	C:\Program Files\Android\Android Studio\jre\jre\bin\zip.dll
0x00007ffe53800000 - 0x00007ffe53f42000 	C:\WINDOWS\System32\SHELL32.dll
0x00007ffe4fbb0000 - 0x00007ffe50341000 	C:\WINDOWS\SYSTEM32\windows.storage.dll
0x00007ffe52890000 - 0x00007ffe52be5000 	C:\WINDOWS\System32\combase.dll
0x00007ffe51500000 - 0x00007ffe5152c000 	C:\WINDOWS\SYSTEM32\Wldp.dll
0x00007ffe52600000 - 0x00007ffe526ae000 	C:\WINDOWS\System32\SHCORE.dll
0x00007ffe526b0000 - 0x00007ffe52705000 	C:\WINDOWS\System32\shlwapi.dll
0x00007ffe519d0000 - 0x00007ffe519ef000 	C:\WINDOWS\SYSTEM32\profapi.dll
0x00007ffe47e20000 - 0x00007ffe47e3a000 	C:\Program Files\Android\Android Studio\jre\jre\bin\net.dll
0x00007ffe51270000 - 0x00007ffe512da000 	C:\WINDOWS\system32\mswsock.dll
0x00007ffe47910000 - 0x00007ffe47923000 	C:\Program Files\Android\Android Studio\jre\jre\bin\nio.dll
0x00007ffe35390000 - 0x00007ffe353b7000 	C:\Users\tthar\.gradle\native\f6784746aeab05261644944871eae4fe03e0ef1612fff0a4a95f87b438bc6780\windows-amd64\native-platform.dll
0x00007ffe49580000 - 0x00007ffe4958d000 	C:\Program Files\Android\Android Studio\jre\jre\bin\management.dll
0x00007ffe51450000 - 0x00007ffe51468000 	C:\WINDOWS\SYSTEM32\CRYPTSP.dll
0x00007ffe50ba0000 - 0x00007ffe50bd4000 	C:\WINDOWS\system32\rsaenh.dll
0x00007ffe51a90000 - 0x00007ffe51ab7000 	C:\WINDOWS\System32\bcrypt.dll
0x00007ffe51990000 - 0x00007ffe519be000 	C:\WINDOWS\SYSTEM32\USERENV.dll
0x00007ffe52170000 - 0x00007ffe521f0000 	C:\WINDOWS\System32\bcryptprimitives.dll
0x00007ffe51440000 - 0x00007ffe5144c000 	C:\WINDOWS\SYSTEM32\CRYPTBASE.dll
0x00007ffe50f10000 - 0x00007ffe50f4b000 	C:\WINDOWS\SYSTEM32\IPHLPAPI.DLL
0x00007ffe54150000 - 0x00007ffe54158000 	C:\WINDOWS\System32\NSI.dll
0x00007ffe498e0000 - 0x00007ffe498f7000 	C:\WINDOWS\SYSTEM32\dhcpcsvc6.DLL
0x00007ffe498c0000 - 0x00007ffe498dd000 	C:\WINDOWS\SYSTEM32\dhcpcsvc.DLL
0x00007ffe50f50000 - 0x00007ffe5101c000 	C:\WINDOWS\SYSTEM32\DNSAPI.dll
0x00007ffe4a120000 - 0x00007ffe4a12b000 	C:\WINDOWS\SYSTEM32\WINNSI.DLL

VM Arguments:
jvm_args: -Xmx2048m -Dfile.encoding=UTF-8 -Duser.country=IN -Duser.language=en -Duser.variant 
java_command: org.gradle.launcher.daemon.bootstrap.GradleDaemon 6.5
java_class_path (initial): C:\Users\tthar\.gradle\wrapper\dists\gradle-6.5-all\2oz4ud9k3tuxjg84bbf55q0tn\gradle-6.5\lib\gradle-launcher-6.5.jar
Launcher Type: SUN_STANDARD

Environment Variables:
PATH=C:\Program Files (x86)\Common Files\Oracle\Java\javapath;C:\Windows\system32;C:\Windows;C:\Windows\System32\Wbem;C:\Windows\System32\WindowsPowerShell\v1.0\;C:\Windows\System32\OpenSSH\;C:\Program Files (x86)\NVIDIA Corporation\PhysX\Common;C:\Program Files\NVIDIA Corporation\NVIDIA NvDLISR;C:\Program Files\MATLAB\R2020b\bin;C:\Program Files\Java\jdk1.8.0_281\bin;C:\Program Files\Git\cmd;C:\Program Files\Git\mingw64\bin;C:\Program Files\Git\usr\bin;C:\WINDOWS\system32;C:\WINDOWS;C:\WINDOWS\System32\Wbem;C:\WINDOWS\System32\WindowsPowerShell\v1.0\;C:\WINDOWS\System32\OpenSSH\;C:\Users\tthar\AppData\Local\Microsoft\WindowsApps;C:\Users\tthar\AppData\Local\atom\bin;C:\Users\tthar\AppData\Local\Programs\Microsoft VS Code\bin;C:\Users\tthar\AppData\Local\Microsoft\WindowsApps;
USERNAME=tthar
OS=Windows_NT
PROCESSOR_IDENTIFIER=Intel64 Family 6 Model 142 Stepping 12, GenuineIntel



---------------  S Y S T E M  ---------------

OS: Windows 10.0 , 64 bit Build 19041 (10.0.19041.928)

CPU:total 8 (initial active 8) (4 cores per cpu, 2 threads per core) family 6 model 142 stepping 12, cmov, cx8, fxsr, mmx, sse, sse2, sse3, ssse3, sse4.1, sse4.2, popcnt, avx, avx2, aes, clmul, erms, 3dnowpref, lzcnt, ht, tsc, tscinvbit, bmi1, bmi2, adx

Memory: 4k page, physical 8215284k(287092k free), swap 27415280k(3096k free)

vm_info: OpenJDK 64-Bit Server VM (25.242-b01) for windows-amd64 JRE (1.8.0_242-release-1644-b01), built by "builder" with MS VC++ 10.0 (VS2010)

time: Thu Apr 22 02:04:25 2021
timezone: India Standard Time
elapsed time: 5 seconds (0d 0h 0m 5s)

