#
# There is insufficient memory for the Java Runtime Environment to continue.
# Native memory allocation (malloc) failed to allocate 1900208 bytes for Chunk::new
# Possible reasons:
#   The system is out of physical RAM or swap space
#   The process is running with CompressedOops enabled, and the Java Heap may be blocking the growth of the native heap
# Possible solutions:
#   Reduce memory load on the system
#   Increase physical memory or swap space
#   Check if swap backing store is full
#   Decrease Java heap size (-Xmx/-Xms)
#   Decrease number of Java threads
#   Decrease Java thread stack sizes (-Xss)
#   Set larger code cache with -XX:ReservedCodeCacheSize=
#   JVM is running with Unscaled Compressed Oops mode in which the Java heap is
#     placed in the first 4GB address space. The Java Heap base address is the
#     maximum limit for the native heap growth. Please use -XX:HeapBaseMinAddress
#     to set the Java Heap base and to place the Java Heap above 4GB virtual address.
# This output file may be truncated or incomplete.
#
#  Out of Memory Error (allocation.cpp:389), pid=20044, tid=0x000000000000159c
#
# JRE version: OpenJDK Runtime Environment (8.0_242-b01) (build 1.8.0_242-release-1644-b01)
# Java VM: OpenJDK 64-Bit Server VM (25.242-b01 mixed mode windows-amd64 compressed oops)
# Failed to write core dump. Minidumps are not enabled by default on client versions of Windows
#

---------------  T H R E A D  ---------------

Current thread (0x000000001787b000):  JavaThread "C2 CompilerThread1" daemon [_thread_in_native, id=5532, stack(0x000000001a050000,0x000000001a150000)]

Stack: [0x000000001a050000,0x000000001a150000]
[error occurred during error reporting (printing stack bounds), id 0xc0000005]

Native frames: (J=compiled Java code, j=interpreted, Vv=VM code, C=native code)


Current CompileTask:
C2:   5257 1465       4       java.net.URLClassLoader$1::run (5 bytes)


---------------  P R O C E S S  ---------------

Java Threads: ( => current thread )
  0x000000001c1ac000 JavaThread "Cache worker for file hash cache (C:\Users\tthar\.gradle\caches\6.5\fileHashes)" [_thread_blocked, id=2680, stack(0x000000001e570000,0x000000001e670000)]
  0x000000001c1ab000 JavaThread "File lock request listener" [_thread_in_native, id=5900, stack(0x000000001e470000,0x000000001e570000)]
  0x000000001af6a800 JavaThread "Cache worker for journal cache (C:\Users\tthar\.gradle\caches\journal-1)" [_thread_blocked, id=18724, stack(0x000000001e370000,0x000000001e470000)]
  0x000000001a8b3000 JavaThread "Thread-9" [_thread_blocked, id=3780, stack(0x000000001e070000,0x000000001e170000)]
  0x000000001c1e8000 JavaThread "Stdin handler" [_thread_blocked, id=12368, stack(0x000000001df70000,0x000000001e070000)]
  0x000000001b044000 JavaThread "Asynchronous log dispatcher for DefaultDaemonConnection: socket connection from /127.0.0.1:55610 to /127.0.0.1:55611" [_thread_blocked, id=14012, stack(0x000000001de70000,0x000000001df70000)]
  0x000000001b043000 JavaThread "Daemon worker" [_thread_in_vm, id=19460, stack(0x000000001dd70000,0x000000001de70000)]
  0x000000001a63c800 JavaThread "Cancel handler" [_thread_blocked, id=6160, stack(0x000000001dc70000,0x000000001dd70000)]
  0x000000001c117800 JavaThread "Handler for socket connection from /127.0.0.1:55610 to /127.0.0.1:55611" [_thread_in_native, id=10580, stack(0x000000001db70000,0x000000001dc70000)]
  0x000000001c113000 JavaThread "Daemon" [_thread_blocked, id=19468, stack(0x000000001d870000,0x000000001d970000)]
  0x000000001c0f7800 JavaThread "Daemon periodic checks" [_thread_blocked, id=19620, stack(0x000000001d770000,0x000000001d870000)]
  0x000000001c08f000 JavaThread "Incoming local TCP Connector on port 55610" [_thread_in_native, id=18460, stack(0x000000001d530000,0x000000001d630000)]
  0x000000001a614000 JavaThread "Daemon health stats" [_thread_blocked, id=13504, stack(0x000000001cef0000,0x000000001cff0000)]
  0x0000000019714800 JavaThread "Service Thread" daemon [_thread_blocked, id=3948, stack(0x000000001a350000,0x000000001a450000)]
  0x0000000019693800 JavaThread "C1 CompilerThread3" daemon [_thread_blocked, id=18452, stack(0x000000001a250000,0x000000001a350000)]
  0x0000000019689000 JavaThread "C2 CompilerThread2" daemon [_thread_in_native, id=18144, stack(0x000000001a150000,0x000000001a250000)]
=>0x000000001787b000 JavaThread "C2 CompilerThread1" daemon [_thread_in_native, id=5532, stack(0x000000001a050000,0x000000001a150000)]
  0x0000000019682800 JavaThread "C2 CompilerThread0" daemon [_thread_in_native, id=17384, stack(0x0000000019f50000,0x000000001a050000)]
  0x0000000019681000 JavaThread "Attach Listener" daemon [_thread_blocked, id=20052, stack(0x0000000019e50000,0x0000000019f50000)]
  0x0000000019680800 JavaThread "Signal Dispatcher" daemon [_thread_blocked, id=18648, stack(0x0000000019d50000,0x0000000019e50000)]
  0x00000000027fd800 JavaThread "Finalizer" daemon [_thread_blocked, id=17380, stack(0x0000000019b50000,0x0000000019c50000)]
  0x00000000027f7000 JavaThread "Reference Handler" daemon [_thread_blocked, id=19760, stack(0x0000000019a50000,0x0000000019b50000)]
  0x00000000026fe000 JavaThread "main" [_thread_blocked, id=19984, stack(0x00000000025a0000,0x00000000026a0000)]

Other Threads:
  0x0000000017866000 VMThread [stack: 0x0000000019550000,0x0000000019650000] [id=19756]
  0x0000000019715800 WatcherThread [stack: 0x000000001a450000,0x000000001a550000] [id=11140]

VM state:not at safepoint (normal execution)

VM Mutex/Monitor currently owned by a thread: None

heap address: 0x0000000080000000, size: 2048 MB, Compressed Oops mode: 32-bit
Narrow klass base: 0x0000000000000000, Narrow klass shift: 3
Compressed class space size: 1073741824 Address: 0x0000000100000000

Heap:
 PSYoungGen      total 37888K, used 7005K [0x00000000d5580000, 0x00000000d9f80000, 0x0000000100000000)
  eden space 32768K, 5% used [0x00000000d5580000,0x00000000d575f3d0,0x00000000d7580000)
  from space 5120K, 99% used [0x00000000d7580000,0x00000000d7a78040,0x00000000d7a80000)
  to   space 5120K, 0% used [0x00000000d7a80000,0x00000000d7a80000,0x00000000d7f80000)
 ParOldGen       total 86016K, used 6463K [0x0000000080000000, 0x0000000085400000, 0x00000000d5580000)
  object space 86016K, 7% used [0x0000000080000000,0x000000008064fe98,0x0000000085400000)
 Metaspace       used 17623K, capacity 18244K, committed 18560K, reserved 1064960K
  class space    used 2413K, capacity 2628K, committed 2688K, reserved 1048576K

Card table byte_map: [0x0000000011bc0000,0x0000000011fd0000] byte_map_base: 0x00000000117c0000

Marking Bits: (ParMarkBitMap*) 0x000000005198f030
 Begin Bits: [0x0000000012a80000, 0x0000000014a80000)
 End Bits:   [0x0000000014a80000, 0x0000000016a80000)

Polling page: 0x0000000000db0000

CodeCache: size=245760Kb used=5573Kb max_used=5575Kb free=240186Kb
 bounds [0x0000000002800000, 0x0000000002d80000, 0x0000000011800000]
 total_blobs=2010 nmethods=1607 adapters=316
 compilation: enabled

Compilation events (10 events):
Event: 5.237 Thread 0x0000000019693800 1611       3       sun.misc.ProxyGenerator::code_aload (11 bytes)
Event: 5.237 Thread 0x0000000019693800 nmethod 1611 0x0000000002d72d90 code [0x0000000002d72f00, 0x0000000002d730a8]
Event: 5.237 Thread 0x0000000019693800 1612       1       sun.misc.ProxyGenerator::access$800 (5 bytes)
Event: 5.237 Thread 0x0000000019693800 nmethod 1612 0x0000000002d72ad0 code [0x0000000002d72c20, 0x0000000002d72d10]
Event: 5.241 Thread 0x0000000019693800 1613       3       java.util.ArrayList::toArray (60 bytes)
Event: 5.242 Thread 0x0000000019693800 nmethod 1613 0x0000000002d72250 code [0x0000000002d723e0, 0x0000000002d72998]
Event: 5.253 Thread 0x0000000019693800 1614       3       org.gradle.internal.service.DefaultServiceRegistry$ManagedObjectServiceProvider::requiredBy (20 bytes)
Event: 5.254 Thread 0x0000000019693800 nmethod 1614 0x0000000002d715d0 code [0x0000000002d71760, 0x0000000002d71c88]
Event: 5.254 Thread 0x0000000019693800 1615       3       org.gradle.internal.service.DefaultServiceRegistry$ManagedObjectServiceProvider::fromSameRegistry (27 bytes)
Event: 5.254 Thread 0x0000000019693800 nmethod 1615 0x0000000002d70fd0 code [0x0000000002d71140, 0x0000000002d71510]

GC Heap History (10 events):
Event: 2.097 GC heap before
{Heap before GC invocations=1 (full 0):
 PSYoungGen      total 37888K, used 32768K [0x00000000d5580000, 0x00000000d7f80000, 0x0000000100000000)
  eden space 32768K, 100% used [0x00000000d5580000,0x00000000d7580000,0x00000000d7580000)
  from space 5120K, 0% used [0x00000000d7a80000,0x00000000d7a80000,0x00000000d7f80000)
  to   space 5120K, 0% used [0x00000000d7580000,0x00000000d7580000,0x00000000d7a80000)
 ParOldGen       total 86016K, used 0K [0x0000000080000000, 0x0000000085400000, 0x00000000d5580000)
  object space 86016K, 0% used [0x0000000080000000,0x0000000080000000,0x0000000085400000)
 Metaspace       used 7526K, capacity 7774K, committed 8064K, reserved 1056768K
  class space    used 929K, capacity 1037K, committed 1152K, reserved 1048576K
Event: 2.103 GC heap after
Heap after GC invocations=1 (full 0):
 PSYoungGen      total 37888K, used 4496K [0x00000000d5580000, 0x00000000d7f80000, 0x0000000100000000)
  eden space 32768K, 0% used [0x00000000d5580000,0x00000000d5580000,0x00000000d7580000)
  from space 5120K, 87% used [0x00000000d7580000,0x00000000d79e41e0,0x00000000d7a80000)
  to   space 5120K, 0% used [0x00000000d7a80000,0x00000000d7a80000,0x00000000d7f80000)
 ParOldGen       total 86016K, used 16K [0x0000000080000000, 0x0000000085400000, 0x00000000d5580000)
  object space 86016K, 0% used [0x0000000080000000,0x0000000080004000,0x0000000085400000)
 Metaspace       used 7526K, capacity 7774K, committed 8064K, reserved 1056768K
  class space    used 929K, capacity 1037K, committed 1152K, reserved 1048576K
}
Event: 2.523 GC heap before
{Heap before GC invocations=2 (full 0):
 PSYoungGen      total 37888K, used 37264K [0x00000000d5580000, 0x00000000d7f80000, 0x0000000100000000)
  eden space 32768K, 100% used [0x00000000d5580000,0x00000000d7580000,0x00000000d7580000)
  from space 5120K, 87% used [0x00000000d7580000,0x00000000d79e41e0,0x00000000d7a80000)
  to   space 5120K, 0% used [0x00000000d7a80000,0x00000000d7a80000,0x00000000d7f80000)
 ParOldGen       total 86016K, used 16K [0x0000000080000000, 0x0000000085400000, 0x00000000d5580000)
  object space 86016K, 0% used [0x0000000080000000,0x0000000080004000,0x0000000085400000)
 Metaspace       used 7762K, capacity 7990K, committed 8320K, reserved 1056768K
  class space    used 951K, capacity 1045K, committed 1152K, reserved 1048576K
Event: 2.528 GC heap after
Heap after GC invocations=2 (full 0):
 PSYoungGen      total 37888K, used 3341K [0x00000000d5580000, 0x00000000d7f80000, 0x0000000100000000)
  eden space 32768K, 0% used [0x00000000d5580000,0x00000000d5580000,0x00000000d7580000)
  from space 5120K, 65% used [0x00000000d7a80000,0x00000000d7dc37e0,0x00000000d7f80000)
  to   space 5120K, 0% used [0x00000000d7580000,0x00000000d7580000,0x00000000d7a80000)
 ParOldGen       total 86016K, used 24K [0x0000000080000000, 0x0000000085400000, 0x00000000d5580000)
  object space 86016K, 0% used [0x0000000080000000,0x0000000080006000,0x0000000085400000)
 Metaspace       used 7762K, capacity 7990K, committed 8320K, reserved 1056768K
  class space    used 951K, capacity 1045K, committed 1152K, reserved 1048576K
}
Event: 4.174 GC heap before
{Heap before GC invocations=3 (full 0):
 PSYoungGen      total 37888K, used 36109K [0x00000000d5580000, 0x00000000d7f80000, 0x0000000100000000)
  eden space 32768K, 100% used [0x00000000d5580000,0x00000000d7580000,0x00000000d7580000)
  from space 5120K, 65% used [0x00000000d7a80000,0x00000000d7dc37e0,0x00000000d7f80000)
  to   space 5120K, 0% used [0x00000000d7580000,0x00000000d7580000,0x00000000d7a80000)
 ParOldGen       total 86016K, used 24K [0x0000000080000000, 0x0000000085400000, 0x00000000d5580000)
  object space 86016K, 0% used [0x0000000080000000,0x0000000080006000,0x0000000085400000)
 Metaspace       used 12031K, capacity 12380K, committed 12544K, reserved 1060864K
  class space    used 1600K, capacity 1726K, committed 1792K, reserved 1048576K
Event: 4.182 GC heap after
Heap after GC invocations=3 (full 0):
 PSYoungGen      total 37888K, used 5104K [0x00000000d5580000, 0x00000000d7f80000, 0x0000000100000000)
  eden space 32768K, 0% used [0x00000000d5580000,0x00000000d5580000,0x00000000d7580000)
  from space 5120K, 99% used [0x00000000d7580000,0x00000000d7a7c010,0x00000000d7a80000)
  to   space 5120K, 0% used [0x00000000d7a80000,0x00000000d7a80000,0x00000000d7f80000)
 ParOldGen       total 86016K, used 1083K [0x0000000080000000, 0x0000000085400000, 0x00000000d5580000)
  object space 86016K, 1% used [0x0000000080000000,0x000000008010ec68,0x0000000085400000)
 Metaspace       used 12031K, capacity 12380K, committed 12544K, reserved 1060864K
  class space    used 1600K, capacity 1726K, committed 1792K, reserved 1048576K
}
Event: 4.683 GC heap before
{Heap before GC invocations=4 (full 0):
 PSYoungGen      total 37888K, used 37526K [0x00000000d5580000, 0x00000000d7f80000, 0x0000000100000000)
  eden space 32768K, 98% used [0x00000000d5580000,0x00000000d7529bc0,0x00000000d7580000)
  from space 5120K, 99% used [0x00000000d7580000,0x00000000d7a7c010,0x00000000d7a80000)
  to   space 5120K, 0% used [0x00000000d7a80000,0x00000000d7a80000,0x00000000d7f80000)
 ParOldGen       total 86016K, used 1083K [0x0000000080000000, 0x0000000085400000, 0x00000000d5580000)
  object space 86016K, 1% used [0x0000000080000000,0x000000008010ec68,0x0000000085400000)
 Metaspace       used 14625K, capacity 15158K, committed 15232K, reserved 1062912K
  class space    used 1996K, capacity 2153K, committed 2176K, reserved 1048576K
Event: 4.694 GC heap after
Heap after GC invocations=4 (full 0):
 PSYoungGen      total 37888K, used 5103K [0x00000000d5580000, 0x00000000d9f80000, 0x0000000100000000)
  eden space 32768K, 0% used [0x00000000d5580000,0x00000000d5580000,0x00000000d7580000)
  from space 5120K, 99% used [0x00000000d7a80000,0x00000000d7f7bc60,0x00000000d7f80000)
  to   space 5120K, 0% used [0x00000000d7580000,0x00000000d7580000,0x00000000d7a80000)
 ParOldGen       total 86016K, used 3491K [0x0000000080000000, 0x0000000085400000, 0x00000000d5580000)
  object space 86016K, 4% used [0x0000000080000000,0x0000000080368dc8,0x0000000085400000)
 Metaspace       used 14625K, capacity 15158K, committed 15232K, reserved 1062912K
  class space    used 1996K, capacity 2153K, committed 2176K, reserved 1048576K
}
Event: 5.215 GC heap before
{Heap before GC invocations=5 (full 0):
 PSYoungGen      total 37888K, used 37871K [0x00000000d5580000, 0x00000000d9f80000, 0x0000000100000000)
  eden space 32768K, 100% used [0x00000000d5580000,0x00000000d7580000,0x00000000d7580000)
  from space 5120K, 99% used [0x00000000d7a80000,0x00000000d7f7bc60,0x00000000d7f80000)
  to   space 5120K, 0% used [0x00000000d7580000,0x00000000d7580000,0x00000000d7a80000)
 ParOldGen       total 86016K, used 3491K [0x0000000080000000, 0x0000000085400000, 0x00000000d5580000)
  object space 86016K, 4% used [0x0000000080000000,0x0000000080368dc8,0x0000000085400000)
 Metaspace       used 17457K, capacity 18052K, committed 18304K, reserved 1064960K
  class space    used 2386K, capacity 2564K, committed 2688K, reserved 1048576K
Event: 5.225 GC heap after
Heap after GC invocations=5 (full 0):
 PSYoungGen      total 37888K, used 5088K [0x00000000d5580000, 0x00000000d9f80000, 0x0000000100000000)
  eden space 32768K, 0% used [0x00000000d5580000,0x00000000d5580000,0x00000000d7580000)
  from space 5120K, 99% used [0x00000000d7580000,0x00000000d7a78040,0x00000000d7a80000)
  to   space 5120K, 0% used [0x00000000d7a80000,0x00000000d7a80000,0x00000000d7f80000)
 ParOldGen       total 86016K, used 6463K [0x0000000080000000, 0x0000000085400000, 0x00000000d5580000)
  object space 86016K, 7% used [0x0000000080000000,0x000000008064fe98,0x0000000085400000)
 Metaspace       used 17457K, capacity 18052K, committed 18304K, reserved 1064960K
  class space    used 2386K, capacity 2564K, committed 2688K, reserved 1048576K
}

Deoptimization events (10 events):
Event: 4.603 Thread 0x000000001b043000 Uncommon trap: reason=class_check action=maybe_recompile pc=0x0000000002b1a858 method=java.util.regex.Matcher.match(II)Z @ 86
Event: 4.604 Thread 0x000000001b043000 Uncommon trap: reason=class_check action=maybe_recompile pc=0x0000000002b1a858 method=java.util.regex.Matcher.match(II)Z @ 86
Event: 4.604 Thread 0x000000001b043000 Uncommon trap: reason=class_check action=maybe_recompile pc=0x00000000029bc24c method=java.util.regex.Matcher.match(II)Z @ 86
Event: 4.745 Thread 0x000000001b043000 Uncommon trap: reason=unstable_if action=reinterpret pc=0x0000000002b2225c method=java.io.File.getName()Ljava/lang/String; @ 16
Event: 4.745 Thread 0x000000001b043000 Uncommon trap: reason=unstable_if action=reinterpret pc=0x0000000002b15454 method=java.lang.String.substring(I)Ljava/lang/String; @ 35
Event: 5.068 Thread 0x000000001b043000 Uncommon trap: reason=unstable_if action=reinterpret pc=0x0000000002b14e30 method=java.util.LinkedHashMap.afterNodeInsertion(Z)V @ 1
Event: 5.069 Thread 0x000000001b043000 Uncommon trap: reason=unstable_if action=reinterpret pc=0x0000000002a73684 method=java.util.HashMap.getNode(ILjava/lang/Object;)Ljava/util/HashMap$Node; @ 129
Event: 5.069 Thread 0x000000001b043000 Uncommon trap: reason=bimorphic action=maybe_recompile pc=0x0000000002cb9df8 method=java.util.HashMap.putVal(ILjava/lang/Object;Ljava/lang/Object;ZZ)Ljava/lang/Object; @ 203
Event: 5.071 Thread 0x000000001b043000 Uncommon trap: reason=unstable_if action=reinterpret pc=0x0000000002a4d790 method=java.util.HashMap.getNode(ILjava/lang/Object;)Ljava/util/HashMap$Node; @ 129
Event: 5.071 Thread 0x000000001b043000 Uncommon trap: reason=bimorphic action=maybe_recompile pc=0x0000000002cb9df8 method=java.util.HashMap.putVal(ILjava/lang/Object;Ljava/lang/Object;ZZ)Ljava/lang/Object; @ 203

Classes redefined (0 events):
No events

Internal exceptions (10 events):
Event: 4.129 Thread 0x000000001c117800 Exception <a 'java/lang/NoSuchMethodError': <clinit>> (0x00000000d7448c98) thrown at [C:\src\AOSP-openjdk-git\hotspot\src\share\vm\prims\jni.cpp, line 1615]
Event: 4.131 Thread 0x000000001c117800 Exception <a 'java/lang/NoSuchMethodError': <clinit>> (0x00000000d745d280) thrown at [C:\src\AOSP-openjdk-git\hotspot\src\share\vm\prims\jni.cpp, line 1615]
Event: 4.148 Thread 0x000000001c117800 Exception <a 'java/lang/NoSuchMethodError': <clinit>> (0x00000000d74ca3a0) thrown at [C:\src\AOSP-openjdk-git\hotspot\src\share\vm\prims\jni.cpp, line 1615]
Event: 4.157 Thread 0x000000001c117800 Exception <a 'java/lang/NoSuchMethodError': <clinit>> (0x00000000d75048c8) thrown at [C:\src\AOSP-openjdk-git\hotspot\src\share\vm\prims\jni.cpp, line 1615]
Event: 4.165 Thread 0x000000001c117800 Exception <a 'java/lang/NoSuchMethodError': <clinit>> (0x00000000d753a4e8) thrown at [C:\src\AOSP-openjdk-git\hotspot\src\share\vm\prims\jni.cpp, line 1615]
Event: 4.166 Thread 0x000000001c117800 Exception <a 'java/lang/NoSuchMethodError': <clinit>> (0x00000000d7546a18) thrown at [C:\src\AOSP-openjdk-git\hotspot\src\share\vm\prims\jni.cpp, line 1615]
Event: 4.793 Thread 0x000000001b043000 Exception <a 'java/lang/NoSuchMethodError': java.lang.Object.lambda$and$0(Ljava/util/function/Predicate;Ljava/lang/Object;)Z> (0x00000000d5a03210) thrown at [C:\src\AOSP-openjdk-git\hotspot\src\share\vm\interpreter\linkResolver.cpp, line 620]
Event: 4.806 Thread 0x000000001b043000 Exception <a 'java/lang/IncompatibleClassChangeError': Found class java.lang.Object, but interface was expected> (0x00000000d5a13508) thrown at [C:\src\AOSP-openjdk-git\hotspot\src\share\vm\interpreter\linkResolver.cpp, line 653]
Event: 4.811 Thread 0x000000001b043000 Exception <a 'java/lang/NoSuchMethodError': java.lang.Object.lambda$or$2(Ljava/util/function/Predicate;Ljava/lang/Object;)Z> (0x00000000d5a18058) thrown at [C:\src\AOSP-openjdk-git\hotspot\src\share\vm\interpreter\linkResolver.cpp, line 620]
Event: 5.157 Thread 0x000000001b043000 Exception <a 'java/lang/NoSuchMethodError': java.lang.Object.lambda$static$0(Lorg/gradle/internal/state/ModelObject;)Ljava/lang/String;> (0x00000000d7238800) thrown at [C:\src\AOSP-openjdk-git\hotspot\src\share\vm\interpreter\linkResolver.cpp, line 620]

Events (10 events):
Event: 5.252 loading class org/gradle/plugin/management/internal/SingletonPluginRequests
Event: 5.252 loading class org/gradle/plugin/management/internal/SingletonPluginRequests done
Event: 5.252 loading class org/gradle/plugin/management/internal/autoapply/DefaultAutoAppliedPluginHandler
Event: 5.252 loading class org/gradle/plugin/management/internal/autoapply/DefaultAutoAppliedPluginHandler done
Event: 5.253 loading class org/gradle/composite/internal/plugins/CompositeBuildPluginResolverContributor
Event: 5.253 loading class org/gradle/composite/internal/plugins/CompositeBuildPluginResolverContributor done
Event: 5.254 loading class org/gradle/composite/internal/plugins/CompositeBuildPluginResolverContributor$Resolution
Event: 5.254 loading class org/gradle/composite/internal/plugins/CompositeBuildPluginResolverContributor$Resolution done
Event: 5.255 loading class org/gradle/api/internal/initialization/loadercache/DefaultClassLoaderCache
Event: 5.255 loading class org/gradle/api/internal/initialization/loadercache/DefaultClassLoaderCache done


Dynamic libraries:
0x00007ff734160000 - 0x00007ff734191000 	C:\Program Files\Android\Android Studio\jre\bin\java.exe
0x00007ffe54350000 - 0x00007ffe54545000 	C:\WINDOWS\SYSTEM32\ntdll.dll
0x00007ffe53050000 - 0x00007ffe5310d000 	C:\WINDOWS\System32\KERNEL32.DLL
0x00007ffe51ac0000 - 0x00007ffe51d88000 	C:\WINDOWS\System32\KERNELBASE.dll
0x00007ffe52470000 - 0x00007ffe5251c000 	C:\WINDOWS\System32\ADVAPI32.dll
0x00007ffe527c0000 - 0x00007ffe5285e000 	C:\WINDOWS\System32\msvcrt.dll
0x00007ffe54210000 - 0x00007ffe542ab000 	C:\WINDOWS\System32\sechost.dll
0x00007ffe54020000 - 0x00007ffe5414b000 	C:\WINDOWS\System32\RPCRT4.dll
0x00007ffe52d10000 - 0x00007ffe52eb0000 	C:\WINDOWS\System32\USER32.dll
0x00007ffe51e90000 - 0x00007ffe51eb2000 	C:\WINDOWS\System32\win32u.dll
0x00007ffe52860000 - 0x00007ffe5288a000 	C:\WINDOWS\System32\GDI32.dll
0x00007ffe522a0000 - 0x00007ffe523ab000 	C:\WINDOWS\System32\gdi32full.dll
0x00007ffe51ec0000 - 0x00007ffe51f5d000 	C:\WINDOWS\System32\msvcp_win.dll
0x00007ffe51d90000 - 0x00007ffe51e90000 	C:\WINDOWS\System32\ucrtbase.dll
0x00007ffe43090000 - 0x00007ffe4332a000 	C:\WINDOWS\WinSxS\amd64_microsoft.windows.common-controls_6595b64144ccf1df_6.0.19041.844_none_ca00b6081b84eb1d\COMCTL32.dll
0x00007ffe541e0000 - 0x00007ffe54210000 	C:\WINDOWS\System32\IMM32.DLL
0x0000000051000000 - 0x00000000510d2000 	C:\Program Files\Android\Android Studio\jre\jre\bin\msvcr100.dll
0x00000000511c0000 - 0x0000000051a0b000 	C:\Program Files\Android\Android Studio\jre\jre\bin\server\jvm.dll
0x00007ffe53370000 - 0x00007ffe53378000 	C:\WINDOWS\System32\PSAPI.DLL
0x00007ffe49f50000 - 0x00007ffe49f5a000 	C:\WINDOWS\SYSTEM32\VERSION.dll
0x00007ffe46830000 - 0x00007ffe46857000 	C:\WINDOWS\SYSTEM32\WINMM.dll
0x00007ffe495a0000 - 0x00007ffe495a9000 	C:\WINDOWS\SYSTEM32\WSOCK32.dll
0x00007ffe52fe0000 - 0x00007ffe5304b000 	C:\WINDOWS\System32\WS2_32.dll
0x00007ffe49590000 - 0x00007ffe4959f000 	C:\Program Files\Android\Android Studio\jre\jre\bin\verify.dll
0x00007ffe43c20000 - 0x00007ffe43c49000 	C:\Program Files\Android\Android Studio\jre\jre\bin\java.dll
0x00007ffe480d0000 - 0x00007ffe480e6000 	C:\Program Files\Android\Android Studio\jre\jre\bin\zip.dll
0x00007ffe53800000 - 0x00007ffe53f42000 	C:\WINDOWS\System32\SHELL32.dll
0x00007ffe4fbb0000 - 0x00007ffe50341000 	C:\WINDOWS\SYSTEM32\windows.storage.dll
0x00007ffe52890000 - 0x00007ffe52be5000 	C:\WINDOWS\System32\combase.dll
0x00007ffe51500000 - 0x00007ffe5152c000 	C:\WINDOWS\SYSTEM32\Wldp.dll
0x00007ffe52600000 - 0x00007ffe526ae000 	C:\WINDOWS\System32\SHCORE.dll
0x00007ffe526b0000 - 0x00007ffe52705000 	C:\WINDOWS\System32\shlwapi.dll
0x00007ffe519d0000 - 0x00007ffe519ef000 	C:\WINDOWS\SYSTEM32\profapi.dll
0x00007ffe47e20000 - 0x00007ffe47e3a000 	C:\Program Files\Android\Android Studio\jre\jre\bin\net.dll
0x00007ffe51270000 - 0x00007ffe512da000 	C:\WINDOWS\system32\mswsock.dll
0x00007ffe47910000 - 0x00007ffe47923000 	C:\Program Files\Android\Android Studio\jre\jre\bin\nio.dll
0x00007ffe35390000 - 0x00007ffe353b7000 	C:\Users\tthar\.gradle\native\f6784746aeab05261644944871eae4fe03e0ef1612fff0a4a95f87b438bc6780\windows-amd64\native-platform.dll
0x00007ffe49580000 - 0x00007ffe4958d000 	C:\Program Files\Android\Android Studio\jre\jre\bin\management.dll
0x00007ffe51450000 - 0x00007ffe51468000 	C:\WINDOWS\SYSTEM32\CRYPTSP.dll
0x00007ffe50ba0000 - 0x00007ffe50bd4000 	C:\WINDOWS\system32\rsaenh.dll
0x00007ffe51a90000 - 0x00007ffe51ab7000 	C:\WINDOWS\System32\bcrypt.dll
0x00007ffe51990000 - 0x00007ffe519be000 	C:\WINDOWS\SYSTEM32\USERENV.dll
0x00007ffe52170000 - 0x00007ffe521f0000 	C:\WINDOWS\System32\bcryptprimitives.dll
0x00007ffe51440000 - 0x00007ffe5144c000 	C:\WINDOWS\SYSTEM32\CRYPTBASE.dll
0x00007ffe50f10000 - 0x00007ffe50f4b000 	C:\WINDOWS\SYSTEM32\IPHLPAPI.DLL
0x00007ffe54150000 - 0x00007ffe54158000 	C:\WINDOWS\System32\NSI.dll
0x00007ffe498e0000 - 0x00007ffe498f7000 	C:\WINDOWS\SYSTEM32\dhcpcsvc6.DLL
0x00007ffe498c0000 - 0x00007ffe498dd000 	C:\WINDOWS\SYSTEM32\dhcpcsvc.DLL
0x00007ffe50f50000 - 0x00007ffe5101c000 	C:\WINDOWS\SYSTEM32\DNSAPI.dll
0x00007ffe4a120000 - 0x00007ffe4a12b000 	C:\WINDOWS\SYSTEM32\WINNSI.DLL

VM Arguments:
jvm_args: -Xmx2048m -Dfile.encoding=UTF-8 -Duser.country=IN -Duser.language=en -Duser.variant 
java_command: org.gradle.launcher.daemon.bootstrap.GradleDaemon 6.5
java_class_path (initial): C:\Users\tthar\.gradle\wrapper\dists\gradle-6.5-all\2oz4ud9k3tuxjg84bbf55q0tn\gradle-6.5\lib\gradle-launcher-6.5.jar
Launcher Type: SUN_STANDARD

Environment Variables:
PATH=C:\Program Files (x86)\Common Files\Oracle\Java\javapath;C:\Windows\system32;C:\Windows;C:\Windows\System32\Wbem;C:\Windows\System32\WindowsPowerShell\v1.0\;C:\Windows\System32\OpenSSH\;C:\Program Files (x86)\NVIDIA Corporation\PhysX\Common;C:\Program Files\NVIDIA Corporation\NVIDIA NvDLISR;C:\Program Files\MATLAB\R2020b\bin;C:\Program Files\Java\jdk1.8.0_281\bin;C:\Program Files\Git\cmd;C:\Program Files\Git\mingw64\bin;C:\Program Files\Git\usr\bin;C:\WINDOWS\system32;C:\WINDOWS;C:\WINDOWS\System32\Wbem;C:\WINDOWS\System32\WindowsPowerShell\v1.0\;C:\WINDOWS\System32\OpenSSH\;C:\Users\tthar\AppData\Local\Microsoft\WindowsApps;C:\Users\tthar\AppData\Local\atom\bin;C:\Users\tthar\AppData\Local\Programs\Microsoft VS Code\bin;C:\Users\tthar\AppData\Local\Microsoft\WindowsApps;
USERNAME=tthar
OS=Windows_NT
PROCESSOR_IDENTIFIER=Intel64 Family 6 Model 142 Stepping 12, GenuineIntel



---------------  S Y S T E M  ---------------

OS: Windows 10.0 , 64 bit Build 19041 (10.0.19041.928)

CPU:total 8 (initial active 8) (4 cores per cpu, 2 threads per core) family 6 model 142 stepping 12, cmov, cx8, fxsr, mmx, sse, sse2, sse3, ssse3, sse4.1, sse4.2, popcnt, avx, avx2, aes, clmul, erms, 3dnowpref, lzcnt, ht, tsc, tscinvbit, bmi1, bmi2, adx

Memory: 4k page, physical 8215284k(293020k free), swap 27415280k(6488k free)

vm_info: OpenJDK 64-Bit Server VM (25.242-b01) for windows-amd64 JRE (1.8.0_242-release-1644-b01), built by "builder" with MS VC++ 10.0 (VS2010)

time: Thu Apr 22 02:05:15 2021
timezone: India Standard Time
elapsed time: 5 seconds (0d 0h 0m 5s)

