#
# There is insufficient memory for the Java Runtime Environment to continue.
# Native memory allocation (malloc) failed to allocate 262160 bytes for Chunk::new
# Possible reasons:
#   The system is out of physical RAM or swap space
#   The process is running with CompressedOops enabled, and the Java Heap may be blocking the growth of the native heap
# Possible solutions:
#   Reduce memory load on the system
#   Increase physical memory or swap space
#   Check if swap backing store is full
#   Decrease Java heap size (-Xmx/-Xms)
#   Decrease number of Java threads
#   Decrease Java thread stack sizes (-Xss)
#   Set larger code cache with -XX:ReservedCodeCacheSize=
#   JVM is running with Unscaled Compressed Oops mode in which the Java heap is
#     placed in the first 4GB address space. The Java Heap base address is the
#     maximum limit for the native heap growth. Please use -XX:HeapBaseMinAddress
#     to set the Java Heap base and to place the Java Heap above 4GB virtual address.
# This output file may be truncated or incomplete.
#
#  Out of Memory Error (allocation.cpp:389), pid=6692, tid=0x000000000000499c
#
# JRE version: OpenJDK Runtime Environment (8.0_242-b01) (build 1.8.0_242-release-1644-b01)
# Java VM: OpenJDK 64-Bit Server VM (25.242-b01 mixed mode windows-amd64 compressed oops)
# Failed to write core dump. Minidumps are not enabled by default on client versions of Windows
#

---------------  T H R E A D  ---------------

Current thread (0x0000000019622800):  JavaThread "C2 CompilerThread0" daemon [_thread_in_native, id=18844, stack(0x0000000019ef0000,0x0000000019ff0000)]

Stack: [0x0000000019ef0000,0x0000000019ff0000]
[error occurred during error reporting (printing stack bounds), id 0xc0000005]

Native frames: (J=compiled Java code, j=interpreted, Vv=VM code, C=native code)


Current CompileTask:
C2:   5604 1465       4       java.net.URLClassLoader$1::run (5 bytes)


---------------  P R O C E S S  ---------------

Java Threads: ( => current thread )
  0x000000001c0e1000 JavaThread "Cache worker for file hash cache (C:\Users\tthar\.gradle\caches\6.5\fileHashes)" [_thread_blocked, id=13708, stack(0x000000001e510000,0x000000001e610000)]
  0x000000001c0e0800 JavaThread "File lock request listener" [_thread_in_native, id=20084, stack(0x000000001e410000,0x000000001e510000)]
  0x000000001c1ed800 JavaThread "Cache worker for journal cache (C:\Users\tthar\.gradle\caches\journal-1)" [_thread_blocked, id=20328, stack(0x000000001e310000,0x000000001e410000)]
  0x000000001b248000 JavaThread "Thread-9" [_thread_blocked, id=19872, stack(0x000000001e010000,0x000000001e110000)]
  0x000000001b245800 JavaThread "Stdin handler" [_thread_blocked, id=18808, stack(0x000000001df10000,0x000000001e010000)]
  0x000000001a8a1000 JavaThread "Asynchronous log dispatcher for DefaultDaemonConnection: socket connection from /127.0.0.1:55619 to /127.0.0.1:55620" [_thread_blocked, id=16804, stack(0x000000001de10000,0x000000001df10000)]
  0x000000001b163000 JavaThread "Daemon worker" [_thread_in_Java, id=19192, stack(0x000000001dd10000,0x000000001de10000)]
  0x000000001c078800 JavaThread "Cancel handler" [_thread_blocked, id=19252, stack(0x000000001dc10000,0x000000001dd10000)]
  0x000000001c064800 JavaThread "Handler for socket connection from /127.0.0.1:55619 to /127.0.0.1:55620" [_thread_in_native, id=19888, stack(0x000000001db10000,0x000000001dc10000)]
  0x000000001c014000 JavaThread "Daemon" [_thread_blocked, id=18288, stack(0x000000001d810000,0x000000001d910000)]
  0x000000001c008000 JavaThread "Daemon periodic checks" [_thread_blocked, id=19636, stack(0x000000001d710000,0x000000001d810000)]
  0x000000001bf52000 JavaThread "Incoming local TCP Connector on port 55619" [_thread_in_native, id=19164, stack(0x000000001d4d0000,0x000000001d5d0000)]
  0x000000001a5e3000 JavaThread "Daemon health stats" [_thread_blocked, id=15964, stack(0x000000001ce90000,0x000000001cf90000)]
  0x00000000196c6000 JavaThread "Service Thread" daemon [_thread_blocked, id=19608, stack(0x000000001a2f0000,0x000000001a3f0000)]
  0x0000000019639000 JavaThread "C1 CompilerThread3" daemon [_thread_blocked, id=19580, stack(0x000000001a1f0000,0x000000001a2f0000)]
  0x0000000019635000 JavaThread "C2 CompilerThread2" daemon [_thread_in_native, id=18784, stack(0x000000001a0f0000,0x000000001a1f0000)]
  0x000000001780b000 JavaThread "C2 CompilerThread1" daemon [_thread_in_native, id=1544, stack(0x0000000019ff0000,0x000000001a0f0000)]
=>0x0000000019622800 JavaThread "C2 CompilerThread0" daemon [_thread_in_native, id=18844, stack(0x0000000019ef0000,0x0000000019ff0000)]
  0x0000000019621000 JavaThread "Attach Listener" daemon [_thread_blocked, id=18860, stack(0x0000000019df0000,0x0000000019ef0000)]
  0x0000000019620800 JavaThread "Signal Dispatcher" daemon [_thread_blocked, id=16076, stack(0x0000000019cf0000,0x0000000019df0000)]
  0x000000000278d800 JavaThread "Finalizer" daemon [_thread_blocked, id=18840, stack(0x0000000019af0000,0x0000000019bf0000)]
  0x0000000002787000 JavaThread "Reference Handler" daemon [_thread_blocked, id=7680, stack(0x00000000199f0000,0x0000000019af0000)]
  0x000000000251e000 JavaThread "main" [_thread_blocked, id=19912, stack(0x0000000002590000,0x0000000002690000)]

Other Threads:
  0x00000000177f6000 VMThread [stack: 0x00000000194f0000,0x00000000195f0000] [id=19816]
  0x0000000019681000 WatcherThread [stack: 0x000000001a3f0000,0x000000001a4f0000] [id=19560]

VM state:not at safepoint (normal execution)

VM Mutex/Monitor currently owned by a thread: None

heap address: 0x0000000080000000, size: 2048 MB, Compressed Oops mode: 32-bit
Narrow klass base: 0x0000000000000000, Narrow klass shift: 3
Compressed class space size: 1073741824 Address: 0x0000000100000000

Heap:
 PSYoungGen      total 37888K, used 34191K [0x00000000d5580000, 0x00000000d9f80000, 0x0000000100000000)
  eden space 32768K, 88% used [0x00000000d5580000,0x00000000d71e40b8,0x00000000d7580000)
  from space 5120K, 99% used [0x00000000d7a80000,0x00000000d7f7fc30,0x00000000d7f80000)
  to   space 5120K, 0% used [0x00000000d7580000,0x00000000d7580000,0x00000000d7a80000)
 ParOldGen       total 86016K, used 3506K [0x0000000080000000, 0x0000000085400000, 0x00000000d5580000)
  object space 86016K, 4% used [0x0000000080000000,0x000000008036c820,0x0000000085400000)
 Metaspace       used 17190K, capacity 17824K, committed 17920K, reserved 1064960K
  class space    used 2340K, capacity 2530K, committed 2560K, reserved 1048576K

Card table byte_map: [0x0000000011b50000,0x0000000011f60000] byte_map_base: 0x0000000011750000

Marking Bits: (ParMarkBitMap*) 0x000000005198f030
 Begin Bits: [0x0000000012a10000, 0x0000000014a10000)
 End Bits:   [0x0000000014a10000, 0x0000000016a10000)

Polling page: 0x00000000007a0000

CodeCache: size=245760Kb used=5463Kb max_used=5463Kb free=240296Kb
 bounds [0x0000000002790000, 0x0000000002cf0000, 0x0000000011790000]
 total_blobs=1950 nmethods=1550 adapters=313
 compilation: enabled

Compilation events (10 events):
Event: 5.581 Thread 0x0000000019639000 nmethod 1550 0x0000000002ce02d0 code [0x0000000002ce0420, 0x0000000002ce0530]
Event: 5.584 Thread 0x0000000019639000 1552       3       java.lang.Throwable::<init> (39 bytes)
Event: 5.585 Thread 0x0000000019639000 nmethod 1552 0x0000000002cdfd90 code [0x0000000002cdff00, 0x0000000002ce0208]
Event: 5.588 Thread 0x0000000019639000 1553       3       org.gradle.internal.service.DefaultServiceRegistry$SingletonService::getService (18 bytes)
Event: 5.588 Thread 0x0000000019639000 nmethod 1553 0x0000000002cdf890 code [0x0000000002cdfa20, 0x0000000002cdfc98]
Event: 5.588 Thread 0x0000000019639000 1554       3       org.gradle.internal.service.DefaultServiceRegistry::access$1200 (6 bytes)
Event: 5.588 Thread 0x0000000019639000 nmethod 1554 0x0000000002cdf510 code [0x0000000002cdf680, 0x0000000002cdf7e8]
Event: 5.596 Thread 0x0000000019635000 1555   !   4       java.util.concurrent.ConcurrentHashMap::putVal (362 bytes)
Event: 5.601 Thread 0x0000000019639000 1556       3       java.security.MessageDigest$Delegate::engineUpdate (11 bytes)
Event: 5.601 Thread 0x0000000019639000 nmethod 1556 0x0000000002cdf090 code [0x0000000002cdf200, 0x0000000002cdf428]

GC Heap History (8 events):
Event: 1.792 GC heap before
{Heap before GC invocations=1 (full 0):
 PSYoungGen      total 37888K, used 32768K [0x00000000d5580000, 0x00000000d7f80000, 0x0000000100000000)
  eden space 32768K, 100% used [0x00000000d5580000,0x00000000d7580000,0x00000000d7580000)
  from space 5120K, 0% used [0x00000000d7a80000,0x00000000d7a80000,0x00000000d7f80000)
  to   space 5120K, 0% used [0x00000000d7580000,0x00000000d7580000,0x00000000d7a80000)
 ParOldGen       total 86016K, used 0K [0x0000000080000000, 0x0000000085400000, 0x00000000d5580000)
  object space 86016K, 0% used [0x0000000080000000,0x0000000080000000,0x0000000085400000)
 Metaspace       used 7529K, capacity 7774K, committed 8064K, reserved 1056768K
  class space    used 929K, capacity 1037K, committed 1152K, reserved 1048576K
Event: 1.800 GC heap after
Heap after GC invocations=1 (full 0):
 PSYoungGen      total 37888K, used 4472K [0x00000000d5580000, 0x00000000d7f80000, 0x0000000100000000)
  eden space 32768K, 0% used [0x00000000d5580000,0x00000000d5580000,0x00000000d7580000)
  from space 5120K, 87% used [0x00000000d7580000,0x00000000d79de168,0x00000000d7a80000)
  to   space 5120K, 0% used [0x00000000d7a80000,0x00000000d7a80000,0x00000000d7f80000)
 ParOldGen       total 86016K, used 16K [0x0000000080000000, 0x0000000085400000, 0x00000000d5580000)
  object space 86016K, 0% used [0x0000000080000000,0x0000000080004000,0x0000000085400000)
 Metaspace       used 7529K, capacity 7774K, committed 8064K, reserved 1056768K
  class space    used 929K, capacity 1037K, committed 1152K, reserved 1048576K
}
Event: 2.518 GC heap before
{Heap before GC invocations=2 (full 0):
 PSYoungGen      total 37888K, used 37240K [0x00000000d5580000, 0x00000000d7f80000, 0x0000000100000000)
  eden space 32768K, 100% used [0x00000000d5580000,0x00000000d7580000,0x00000000d7580000)
  from space 5120K, 87% used [0x00000000d7580000,0x00000000d79de168,0x00000000d7a80000)
  to   space 5120K, 0% used [0x00000000d7a80000,0x00000000d7a80000,0x00000000d7f80000)
 ParOldGen       total 86016K, used 16K [0x0000000080000000, 0x0000000085400000, 0x00000000d5580000)
  object space 86016K, 0% used [0x0000000080000000,0x0000000080004000,0x0000000085400000)
 Metaspace       used 7775K, capacity 7990K, committed 8320K, reserved 1056768K
  class space    used 951K, capacity 1045K, committed 1152K, reserved 1048576K
Event: 2.522 GC heap after
Heap after GC invocations=2 (full 0):
 PSYoungGen      total 37888K, used 3373K [0x00000000d5580000, 0x00000000d7f80000, 0x0000000100000000)
  eden space 32768K, 0% used [0x00000000d5580000,0x00000000d5580000,0x00000000d7580000)
  from space 5120K, 65% used [0x00000000d7a80000,0x00000000d7dcb7e0,0x00000000d7f80000)
  to   space 5120K, 0% used [0x00000000d7580000,0x00000000d7580000,0x00000000d7a80000)
 ParOldGen       total 86016K, used 24K [0x0000000080000000, 0x0000000085400000, 0x00000000d5580000)
  object space 86016K, 0% used [0x0000000080000000,0x0000000080006000,0x0000000085400000)
 Metaspace       used 7775K, capacity 7990K, committed 8320K, reserved 1056768K
  class space    used 951K, capacity 1045K, committed 1152K, reserved 1048576K
}
Event: 4.531 GC heap before
{Heap before GC invocations=3 (full 0):
 PSYoungGen      total 37888K, used 36141K [0x00000000d5580000, 0x00000000d7f80000, 0x0000000100000000)
  eden space 32768K, 100% used [0x00000000d5580000,0x00000000d7580000,0x00000000d7580000)
  from space 5120K, 65% used [0x00000000d7a80000,0x00000000d7dcb7e0,0x00000000d7f80000)
  to   space 5120K, 0% used [0x00000000d7580000,0x00000000d7580000,0x00000000d7a80000)
 ParOldGen       total 86016K, used 24K [0x0000000080000000, 0x0000000085400000, 0x00000000d5580000)
  object space 86016K, 0% used [0x0000000080000000,0x0000000080006000,0x0000000085400000)
 Metaspace       used 12038K, capacity 12380K, committed 12544K, reserved 1060864K
  class space    used 1600K, capacity 1726K, committed 1792K, reserved 1048576K
Event: 4.538 GC heap after
Heap after GC invocations=3 (full 0):
 PSYoungGen      total 37888K, used 5088K [0x00000000d5580000, 0x00000000d7f80000, 0x0000000100000000)
  eden space 32768K, 0% used [0x00000000d5580000,0x00000000d5580000,0x00000000d7580000)
  from space 5120K, 99% used [0x00000000d7580000,0x00000000d7a78020,0x00000000d7a80000)
  to   space 5120K, 0% used [0x00000000d7a80000,0x00000000d7a80000,0x00000000d7f80000)
 ParOldGen       total 86016K, used 1082K [0x0000000080000000, 0x0000000085400000, 0x00000000d5580000)
  object space 86016K, 1% used [0x0000000080000000,0x000000008010e950,0x0000000085400000)
 Metaspace       used 12038K, capacity 12380K, committed 12544K, reserved 1060864K
  class space    used 1600K, capacity 1726K, committed 1792K, reserved 1048576K
}
Event: 5.140 GC heap before
{Heap before GC invocations=4 (full 0):
 PSYoungGen      total 37888K, used 37638K [0x00000000d5580000, 0x00000000d7f80000, 0x0000000100000000)
  eden space 32768K, 99% used [0x00000000d5580000,0x00000000d7549aa8,0x00000000d7580000)
  from space 5120K, 99% used [0x00000000d7580000,0x00000000d7a78020,0x00000000d7a80000)
  to   space 5120K, 0% used [0x00000000d7a80000,0x00000000d7a80000,0x00000000d7f80000)
 ParOldGen       total 86016K, used 1082K [0x0000000080000000, 0x0000000085400000, 0x00000000d5580000)
  object space 86016K, 1% used [0x0000000080000000,0x000000008010e950,0x0000000085400000)
 Metaspace       used 14624K, capacity 15158K, committed 15232K, reserved 1062912K
  class space    used 1996K, capacity 2153K, committed 2176K, reserved 1048576K
Event: 5.160 GC heap after
Heap after GC invocations=4 (full 0):
 PSYoungGen      total 37888K, used 5119K [0x00000000d5580000, 0x00000000d9f80000, 0x0000000100000000)
  eden space 32768K, 0% used [0x00000000d5580000,0x00000000d5580000,0x00000000d7580000)
  from space 5120K, 99% used [0x00000000d7a80000,0x00000000d7f7fc30,0x00000000d7f80000)
  to   space 5120K, 0% used [0x00000000d7580000,0x00000000d7580000,0x00000000d7a80000)
 ParOldGen       total 86016K, used 3506K [0x0000000080000000, 0x0000000085400000, 0x00000000d5580000)
  object space 86016K, 4% used [0x0000000080000000,0x000000008036c820,0x0000000085400000)
 Metaspace       used 14624K, capacity 15158K, committed 15232K, reserved 1062912K
  class space    used 1996K, capacity 2153K, committed 2176K, reserved 1048576K
}

Deoptimization events (10 events):
Event: 4.930 Thread 0x000000001b163000 Uncommon trap: reason=class_check action=maybe_recompile pc=0x0000000002abb058 method=java.util.regex.Matcher.match(II)Z @ 86
Event: 4.930 Thread 0x000000001b163000 Uncommon trap: reason=class_check action=maybe_recompile pc=0x0000000002abb058 method=java.util.regex.Matcher.match(II)Z @ 86
Event: 4.930 Thread 0x000000001b163000 Uncommon trap: reason=class_check action=maybe_recompile pc=0x0000000002946c4c method=java.util.regex.Matcher.match(II)Z @ 86
Event: 5.243 Thread 0x000000001b163000 Uncommon trap: reason=unstable_if action=reinterpret pc=0x0000000002aa5ddc method=java.io.File.getName()Ljava/lang/String; @ 16
Event: 5.243 Thread 0x000000001b163000 Uncommon trap: reason=unstable_if action=reinterpret pc=0x0000000002aa98d4 method=java.lang.String.substring(I)Ljava/lang/String; @ 35
Event: 5.554 Thread 0x000000001b163000 Uncommon trap: reason=unstable_if action=reinterpret pc=0x0000000002aa68b0 method=java.util.LinkedHashMap.afterNodeInsertion(Z)V @ 1
Event: 5.556 Thread 0x000000001b163000 Uncommon trap: reason=unstable_if action=reinterpret pc=0x0000000002a06b04 method=java.util.HashMap.getNode(ILjava/lang/Object;)Ljava/util/HashMap$Node; @ 129
Event: 5.556 Thread 0x000000001b163000 Uncommon trap: reason=bimorphic action=maybe_recompile pc=0x0000000002c423b8 method=java.util.HashMap.putVal(ILjava/lang/Object;Ljava/lang/Object;ZZ)Ljava/lang/Object; @ 203
Event: 5.561 Thread 0x000000001b163000 Uncommon trap: reason=unstable_if action=reinterpret pc=0x00000000029e8c88 method=java.util.HashMap.getNode(ILjava/lang/Object;)Ljava/util/HashMap$Node; @ 129
Event: 5.561 Thread 0x000000001b163000 Uncommon trap: reason=bimorphic action=maybe_recompile pc=0x0000000002c423b8 method=java.util.HashMap.putVal(ILjava/lang/Object;Ljava/lang/Object;ZZ)Ljava/lang/Object; @ 203

Classes redefined (0 events):
No events

Internal exceptions (10 events):
Event: 4.488 Thread 0x000000001c064800 Exception <a 'java/lang/NoSuchMethodError': <clinit>> (0x00000000d743e500) thrown at [C:\src\AOSP-openjdk-git\hotspot\src\share\vm\prims\jni.cpp, line 1615]
Event: 4.490 Thread 0x000000001c064800 Exception <a 'java/lang/NoSuchMethodError': <clinit>> (0x00000000d7447c08) thrown at [C:\src\AOSP-openjdk-git\hotspot\src\share\vm\prims\jni.cpp, line 1615]
Event: 4.493 Thread 0x000000001c064800 Exception <a 'java/lang/NoSuchMethodError': <clinit>> (0x00000000d745c1f0) thrown at [C:\src\AOSP-openjdk-git\hotspot\src\share\vm\prims\jni.cpp, line 1615]
Event: 4.506 Thread 0x000000001c064800 Exception <a 'java/lang/NoSuchMethodError': <clinit>> (0x00000000d74c9328) thrown at [C:\src\AOSP-openjdk-git\hotspot\src\share\vm\prims\jni.cpp, line 1615]
Event: 4.515 Thread 0x000000001c064800 Exception <a 'java/lang/NoSuchMethodError': <clinit>> (0x00000000d7503870) thrown at [C:\src\AOSP-openjdk-git\hotspot\src\share\vm\prims\jni.cpp, line 1615]
Event: 4.522 Thread 0x000000001c064800 Exception <a 'java/lang/NoSuchMethodError': <clinit>> (0x00000000d7539458) thrown at [C:\src\AOSP-openjdk-git\hotspot\src\share\vm\prims\jni.cpp, line 1615]
Event: 4.524 Thread 0x000000001c064800 Exception <a 'java/lang/NoSuchMethodError': <clinit>> (0x00000000d7545988) thrown at [C:\src\AOSP-openjdk-git\hotspot\src\share\vm\prims\jni.cpp, line 1615]
Event: 5.294 Thread 0x000000001b163000 Exception <a 'java/lang/NoSuchMethodError': java.lang.Object.lambda$and$0(Ljava/util/function/Predicate;Ljava/lang/Object;)Z> (0x00000000d5a02830) thrown at [C:\src\AOSP-openjdk-git\hotspot\src\share\vm\interpreter\linkResolver.cpp, line 620]
Event: 5.300 Thread 0x000000001b163000 Exception <a 'java/lang/IncompatibleClassChangeError': Found class java.lang.Object, but interface was expected> (0x00000000d5a12b28) thrown at [C:\src\AOSP-openjdk-git\hotspot\src\share\vm\interpreter\linkResolver.cpp, line 653]
Event: 5.303 Thread 0x000000001b163000 Exception <a 'java/lang/NoSuchMethodError': java.lang.Object.lambda$or$2(Ljava/util/function/Predicate;Ljava/lang/Object;)Z> (0x00000000d5a17678) thrown at [C:\src\AOSP-openjdk-git\hotspot\src\share\vm\interpreter\linkResolver.cpp, line 620]

Events (10 events):
Event: 5.598 loading class org/gradle/internal/fingerprint/FileCollectionFingerprint$1 done
Event: 5.599 loading class org/gradle/api/internal/changedetection/state/ZipHasher
Event: 5.599 loading class org/gradle/api/internal/changedetection/state/ZipHasher done
Event: 5.600 loading class org/gradle/api/internal/file/archive/ZipInput
Event: 5.600 loading class org/gradle/api/internal/file/archive/ZipInput done
Event: 5.601 loading class org/gradle/api/internal/file/IdentityFileResolver
Event: 5.601 loading class org/gradle/api/internal/file/IdentityFileResolver done
Event: 5.601 loading class org/gradle/api/internal/file/AbstractFileResolver
Event: 5.601 loading class org/gradle/api/internal/file/AbstractFileResolver done
Event: 5.602 loading class org/gradle/api/internal/file/FileOrUriNotationConverter


Dynamic libraries:
0x00007ff734160000 - 0x00007ff734191000 	C:\Program Files\Android\Android Studio\jre\bin\java.exe
0x00007ffe54350000 - 0x00007ffe54545000 	C:\WINDOWS\SYSTEM32\ntdll.dll
0x00007ffe53050000 - 0x00007ffe5310d000 	C:\WINDOWS\System32\KERNEL32.DLL
0x00007ffe51ac0000 - 0x00007ffe51d88000 	C:\WINDOWS\System32\KERNELBASE.dll
0x00007ffe52470000 - 0x00007ffe5251c000 	C:\WINDOWS\System32\ADVAPI32.dll
0x00007ffe527c0000 - 0x00007ffe5285e000 	C:\WINDOWS\System32\msvcrt.dll
0x00007ffe54210000 - 0x00007ffe542ab000 	C:\WINDOWS\System32\sechost.dll
0x00007ffe54020000 - 0x00007ffe5414b000 	C:\WINDOWS\System32\RPCRT4.dll
0x00007ffe52d10000 - 0x00007ffe52eb0000 	C:\WINDOWS\System32\USER32.dll
0x00007ffe51e90000 - 0x00007ffe51eb2000 	C:\WINDOWS\System32\win32u.dll
0x00007ffe52860000 - 0x00007ffe5288a000 	C:\WINDOWS\System32\GDI32.dll
0x00007ffe522a0000 - 0x00007ffe523ab000 	C:\WINDOWS\System32\gdi32full.dll
0x00007ffe51ec0000 - 0x00007ffe51f5d000 	C:\WINDOWS\System32\msvcp_win.dll
0x00007ffe51d90000 - 0x00007ffe51e90000 	C:\WINDOWS\System32\ucrtbase.dll
0x00007ffe43090000 - 0x00007ffe4332a000 	C:\WINDOWS\WinSxS\amd64_microsoft.windows.common-controls_6595b64144ccf1df_6.0.19041.844_none_ca00b6081b84eb1d\COMCTL32.dll
0x00007ffe541e0000 - 0x00007ffe54210000 	C:\WINDOWS\System32\IMM32.DLL
0x0000000051000000 - 0x00000000510d2000 	C:\Program Files\Android\Android Studio\jre\jre\bin\msvcr100.dll
0x00000000511c0000 - 0x0000000051a0b000 	C:\Program Files\Android\Android Studio\jre\jre\bin\server\jvm.dll
0x00007ffe53370000 - 0x00007ffe53378000 	C:\WINDOWS\System32\PSAPI.DLL
0x00007ffe495a0000 - 0x00007ffe495a9000 	C:\WINDOWS\SYSTEM32\WSOCK32.dll
0x00007ffe49f50000 - 0x00007ffe49f5a000 	C:\WINDOWS\SYSTEM32\VERSION.dll
0x00007ffe46830000 - 0x00007ffe46857000 	C:\WINDOWS\SYSTEM32\WINMM.dll
0x00007ffe52fe0000 - 0x00007ffe5304b000 	C:\WINDOWS\System32\WS2_32.dll
0x00007ffe49590000 - 0x00007ffe4959f000 	C:\Program Files\Android\Android Studio\jre\jre\bin\verify.dll
0x00007ffe43c20000 - 0x00007ffe43c49000 	C:\Program Files\Android\Android Studio\jre\jre\bin\java.dll
0x00007ffe480d0000 - 0x00007ffe480e6000 	C:\Program Files\Android\Android Studio\jre\jre\bin\zip.dll
0x00007ffe53800000 - 0x00007ffe53f42000 	C:\WINDOWS\System32\SHELL32.dll
0x00007ffe4fbb0000 - 0x00007ffe50341000 	C:\WINDOWS\SYSTEM32\windows.storage.dll
0x00007ffe52890000 - 0x00007ffe52be5000 	C:\WINDOWS\System32\combase.dll
0x00007ffe51500000 - 0x00007ffe5152c000 	C:\WINDOWS\SYSTEM32\Wldp.dll
0x00007ffe52600000 - 0x00007ffe526ae000 	C:\WINDOWS\System32\SHCORE.dll
0x00007ffe526b0000 - 0x00007ffe52705000 	C:\WINDOWS\System32\shlwapi.dll
0x00007ffe519d0000 - 0x00007ffe519ef000 	C:\WINDOWS\SYSTEM32\profapi.dll
0x00007ffe47e20000 - 0x00007ffe47e3a000 	C:\Program Files\Android\Android Studio\jre\jre\bin\net.dll
0x00007ffe51270000 - 0x00007ffe512da000 	C:\WINDOWS\system32\mswsock.dll
0x00007ffe47910000 - 0x00007ffe47923000 	C:\Program Files\Android\Android Studio\jre\jre\bin\nio.dll
0x00007ffe35390000 - 0x00007ffe353b7000 	C:\Users\tthar\.gradle\native\f6784746aeab05261644944871eae4fe03e0ef1612fff0a4a95f87b438bc6780\windows-amd64\native-platform.dll
0x00007ffe49580000 - 0x00007ffe4958d000 	C:\Program Files\Android\Android Studio\jre\jre\bin\management.dll
0x00007ffe51450000 - 0x00007ffe51468000 	C:\WINDOWS\SYSTEM32\CRYPTSP.dll
0x00007ffe50ba0000 - 0x00007ffe50bd4000 	C:\WINDOWS\system32\rsaenh.dll
0x00007ffe51a90000 - 0x00007ffe51ab7000 	C:\WINDOWS\System32\bcrypt.dll
0x00007ffe51990000 - 0x00007ffe519be000 	C:\WINDOWS\SYSTEM32\USERENV.dll
0x00007ffe52170000 - 0x00007ffe521f0000 	C:\WINDOWS\System32\bcryptprimitives.dll
0x00007ffe51440000 - 0x00007ffe5144c000 	C:\WINDOWS\SYSTEM32\CRYPTBASE.dll
0x00007ffe50f10000 - 0x00007ffe50f4b000 	C:\WINDOWS\SYSTEM32\IPHLPAPI.DLL
0x00007ffe54150000 - 0x00007ffe54158000 	C:\WINDOWS\System32\NSI.dll
0x00007ffe498e0000 - 0x00007ffe498f7000 	C:\WINDOWS\SYSTEM32\dhcpcsvc6.DLL
0x00007ffe498c0000 - 0x00007ffe498dd000 	C:\WINDOWS\SYSTEM32\dhcpcsvc.DLL
0x00007ffe50f50000 - 0x00007ffe5101c000 	C:\WINDOWS\SYSTEM32\DNSAPI.dll
0x00007ffe4a120000 - 0x00007ffe4a12b000 	C:\WINDOWS\SYSTEM32\WINNSI.DLL

VM Arguments:
jvm_args: -Xmx2048m -Dfile.encoding=UTF-8 -Duser.country=IN -Duser.language=en -Duser.variant 
java_command: org.gradle.launcher.daemon.bootstrap.GradleDaemon 6.5
java_class_path (initial): C:\Users\tthar\.gradle\wrapper\dists\gradle-6.5-all\2oz4ud9k3tuxjg84bbf55q0tn\gradle-6.5\lib\gradle-launcher-6.5.jar
Launcher Type: SUN_STANDARD

Environment Variables:
PATH=C:\Program Files (x86)\Common Files\Oracle\Java\javapath;C:\Windows\system32;C:\Windows;C:\Windows\System32\Wbem;C:\Windows\System32\WindowsPowerShell\v1.0\;C:\Windows\System32\OpenSSH\;C:\Program Files (x86)\NVIDIA Corporation\PhysX\Common;C:\Program Files\NVIDIA Corporation\NVIDIA NvDLISR;C:\Program Files\MATLAB\R2020b\bin;C:\Program Files\Java\jdk1.8.0_281\bin;C:\Program Files\Git\cmd;C:\Program Files\Git\mingw64\bin;C:\Program Files\Git\usr\bin;C:\WINDOWS\system32;C:\WINDOWS;C:\WINDOWS\System32\Wbem;C:\WINDOWS\System32\WindowsPowerShell\v1.0\;C:\WINDOWS\System32\OpenSSH\;C:\Users\tthar\AppData\Local\Microsoft\WindowsApps;C:\Users\tthar\AppData\Local\atom\bin;C:\Users\tthar\AppData\Local\Programs\Microsoft VS Code\bin;C:\Users\tthar\AppData\Local\Microsoft\WindowsApps;
USERNAME=tthar
OS=Windows_NT
PROCESSOR_IDENTIFIER=Intel64 Family 6 Model 142 Stepping 12, GenuineIntel



---------------  S Y S T E M  ---------------

OS: Windows 10.0 , 64 bit Build 19041 (10.0.19041.928)

CPU:total 8 (initial active 8) (4 cores per cpu, 2 threads per core) family 6 model 142 stepping 12, cmov, cx8, fxsr, mmx, sse, sse2, sse3, ssse3, sse4.1, sse4.2, popcnt, avx, avx2, aes, clmul, erms, 3dnowpref, lzcnt, ht, tsc, tscinvbit, bmi1, bmi2, adx

Memory: 4k page, physical 8215284k(295540k free), swap 27415280k(4092k free)

vm_info: OpenJDK 64-Bit Server VM (25.242-b01) for windows-amd64 JRE (1.8.0_242-release-1644-b01), built by "builder" with MS VC++ 10.0 (VS2010)

time: Thu Apr 22 02:05:30 2021
timezone: India Standard Time
elapsed time: 5 seconds (0d 0h 0m 5s)

